# JRE version: Java(TM) SE Runtime Environment (13.0.1+9) (build 13.0.1+9)
# Java VM: Java HotSpot(TM) 64-Bit Server VM (13.0.1+9, mixed mode, sharing, tiered, compressed oops, g1 gc, bsd-amd64)
Heap:
 garbage-first heap   total 262144K, used 120638K [0x00000007e0000000, 0x0000000800000000)
  region size 1024K, 85 young (87040K), 3 survivors (3072K)
 Metaspace       used 44416K, capacity 45688K, committed 45824K, reserved 294912K
  class space    used 6132K, capacity 6618K, committed 6656K, reserved 253952K
GC Heap History (17 events):
Event: 2.854 GC heap before
{Heap before GC invocations=0 (full 0):
 garbage-first heap   total 264192K, used 20216K [0x00000007e0000000, 0x0000000800000000)
  region size 1024K, 14 young (14336K), 0 survivors (0K)
 Metaspace       used 2199K, capacity 5510K, committed 5760K, reserved 262144K
  class space    used 265K, capacity 580K, committed 640K, reserved 253952K
}
Event: 2.871 GC heap after
{Heap after GC invocations=1 (full 0):
 garbage-first heap   total 264192K, used 8411K [0x00000007e0000000, 0x0000000800000000)
  region size 1024K, 2 young (2048K), 2 survivors (2048K)
 Metaspace       used 2199K, capacity 5510K, committed 5760K, reserved 262144K
  class space    used 265K, capacity 580K, committed 640K, reserved 253952K
}
Event: 4.743 GC heap before
{Heap before GC invocations=1 (full 0):
 garbage-first heap   total 264192K, used 20699K [0x00000007e0000000, 0x0000000800000000)
  region size 1024K, 14 young (14336K), 2 survivors (2048K)
 Metaspace       used 3830K, capacity 6620K, committed 6912K, reserved 262144K
  class space    used 501K, capacity 760K, committed 768K, reserved 253952K
}
Event: 4.763 GC heap after
{Heap after GC invocations=2 (full 0):
 garbage-first heap   total 264192K, used 8941K [0x00000007e0000000, 0x0000000800000000)
  region size 1024K, 1 young (1024K), 1 survivors (1024K)
 Metaspace       used 3830K, capacity 6620K, committed 6912K, reserved 262144K
  class space    used 501K, capacity 760K, committed 768K, reserved 253952K
}
Event: 7.995 GC heap before
{Heap before GC invocations=2 (full 0):
 garbage-first heap   total 264192K, used 46829K [0x00000007e0000000, 0x0000000800000000)
  region size 1024K, 39 young (39936K), 1 survivors (1024K)
 Metaspace       used 6204K, capacity 8053K, committed 8320K, reserved 262144K
  class space    used 887K, capacity 1117K, committed 1152K, reserved 253952K
}
Event: 8.024 GC heap after
{Heap after GC invocations=3 (full 0):
 garbage-first heap   total 264192K, used 14147K [0x00000007e0000000, 0x0000000800000000)
  region size 1024K, 5 young (5120K), 5 survivors (5120K)
 Metaspace       used 6204K, capacity 8053K, committed 8320K, reserved 262144K
  class space    used 887K, capacity 1117K, committed 1152K, reserved 253952K
}
Event: 12.995 GC heap before
{Heap before GC invocations=3 (full 0):
 garbage-first heap   total 264192K, used 59203K [0x00000007e0000000, 0x0000000800000000)
  region size 1024K, 49 young (50176K), 5 survivors (5120K)
 Metaspace       used 13220K, capacity 13647K, committed 13824K, reserved 266240K
  class space    used 1862K, capacity 2010K, committed 2048K, reserved 253952K
}
Event: 13.027 GC heap after
{Heap after GC invocations=4 (full 0):
 garbage-first heap   total 264192K, used 16361K [0x00000007e0000000, 0x0000000800000000)
  region size 1024K, 3 young (3072K), 3 survivors (3072K)
 Metaspace       used 13220K, capacity 13647K, committed 13824K, reserved 266240K
  class space    used 1862K, capacity 2010K, committed 2048K, reserved 253952K
}
Event: 18.016 GC heap before
{Heap before GC invocations=4 (full 0):
 garbage-first heap   total 264192K, used 71657K [0x00000007e0000000, 0x0000000800000000)
  region size 1024K, 57 young (58368K), 3 survivors (3072K)
 Metaspace       used 20027K, capacity 20614K, committed 20864K, reserved 272384K
  class space    used 2909K, capacity 3128K, committed 3200K, reserved 253952K
}
Event: 18.026 GC heap after
{Heap after GC invocations=5 (full 0):
 garbage-first heap   total 264192K, used 18299K [0x00000007e0000000, 0x0000000800000000)
  region size 1024K, 5 young (5120K), 5 survivors (5120K)
 Metaspace       used 20027K, capacity 20614K, committed 20864K, reserved 272384K
  class space    used 2909K, capacity 3128K, committed 3200K, reserved 253952K
}
Event: 18.397 GC heap before
{Heap before GC invocations=5 (full 0):
 garbage-first heap   total 264192K, used 23419K [0x00000007e0000000, 0x0000000800000000)
  region size 1024K, 11 young (11264K), 5 survivors (5120K)
 Metaspace       used 20581K, capacity 21142K, committed 21296K, reserved 272384K
  class space    used 2995K, capacity 3198K, committed 3200K, reserved 253952K
}
Event: 18.410 GC heap after
{Heap after GC invocations=6 (full 0):
 garbage-first heap   total 264192K, used 18711K [0x00000007e0000000, 0x0000000800000000)
  region size 1024K, 5 young (5120K), 5 survivors (5120K)
 Metaspace       used 20581K, capacity 21142K, committed 21296K, reserved 272384K
  class space    used 2995K, capacity 3198K, committed 3200K, reserved 253952K
}
Event: 28.639 GC heap before
{Heap before GC invocations=7 (full 0):
 garbage-first heap   total 262144K, used 141591K [0x00000007e0000000, 0x0000000800000000)
  region size 1024K, 124 young (126976K), 5 survivors (5120K)
 Metaspace       used 34984K, capacity 35907K, committed 35968K, reserved 284672K
  class space    used 4865K, capacity 5215K, committed 5248K, reserved 253952K
}
Event: 28.738 GC heap after
{Heap after GC invocations=8 (full 0):
 garbage-first heap   total 262144K, used 25564K [0x00000007e0000000, 0x0000000800000000)
  region size 1024K, 12 young (12288K), 12 survivors (12288K)
 Metaspace       used 34984K, capacity 35907K, committed 35968K, reserved 284672K
  class space    used 4865K, capacity 5215K, committed 5248K, reserved 253952K
}
Event: 39.370 GC heap before
{Heap before GC invocations=9 (full 0):
 garbage-first heap   total 262144K, used 164828K [0x00000007e0000000, 0x0000000800000000)
  region size 1024K, 148 young (151552K), 12 survivors (12288K)
 Metaspace       used 42078K, capacity 43247K, committed 43520K, reserved 292864K
  class space    used 5837K, capacity 6319K, committed 6400K, reserved 253952K
}
Event: 39.691 GC heap after
{Heap after GC invocations=10 (full 0):
 garbage-first heap   total 262144K, used 35699K [0x00000007e0000000, 0x0000000800000000)
  region size 1024K, 19 young (19456K), 19 survivors (19456K)
 Metaspace       used 42078K, capacity 43247K, committed 43520K, reserved 292864K
  class space    used 5837K, capacity 6319K, committed 6400K, reserved 253952K
}
Event: 61.922 GC heap before
{Heap before GC invocations=10 (full 0):
 garbage-first heap   total 262144K, used 119667K [0x00000007e0000000, 0x0000000800000000)
  region size 1024K, 101 young (103424K), 19 survivors (19456K)
 Metaspace       used 44416K, capacity 45688K, committed 45824K, reserved 294912K
  class space    used 6132K, capacity 6618K, committed 6656K, reserved 253952K
}

